  main.cpp
D:\RayTracingOptimizations\RayTracerFramework - best efficiency\RayTracerSmall\main.cpp(48,1): warning C4005: 'INFINITY': macro redefinition
C:\Program Files (x86)\Windows Kits\10\Include\10.0.19041.0\ucrt\corecrt_math.h(88): message : see previous definition of 'INFINITY'
D:\RayTracingOptimizations\RayTracerFramework - best efficiency\RayTracerSmall\main.cpp(103,19): warning C4305: 'initializing': truncation from 'double' to 'float'
D:\RayTracingOptimizations\RayTracerFramework - best efficiency\RayTracerSmall\main.cpp(109,60): warning C4305: 'argument': truncation from 'double' to 'const float'
D:\RayTracingOptimizations\RayTracerFramework - best efficiency\RayTracerSmall\main.cpp(109,32): warning C4244: 'argument': conversion from 'double' to 'const float', possible loss of data
D:\RayTracingOptimizations\RayTracerFramework - best efficiency\RayTracerSmall\main.cpp(129,19): warning C4305: 'initializing': truncation from 'double' to 'float'
D:\RayTracingOptimizations\RayTracerFramework - best efficiency\RayTracerSmall\main.cpp(195,19): warning C4305: 'initializing': truncation from 'double' to 'float'
D:\RayTracingOptimizations\RayTracerFramework - best efficiency\RayTracerSmall\main.cpp(201,60): warning C4305: 'argument': truncation from 'double' to 'const float'
D:\RayTracingOptimizations\RayTracerFramework - best efficiency\RayTracerSmall\main.cpp(201,32): warning C4244: 'argument': conversion from 'double' to 'const float', possible loss of data
D:\RayTracingOptimizations\RayTracerFramework - best efficiency\RayTracerSmall\main.cpp(221,19): warning C4305: 'initializing': truncation from 'double' to 'float'
D:\RayTracingOptimizations\RayTracerFramework - best efficiency\RayTracerSmall\main.cpp(278,14): warning C4244: 'initializing': conversion from 'double' to 'float', possible loss of data
D:\RayTracingOptimizations\RayTracerFramework - best efficiency\RayTracerSmall\main.cpp(319,14): warning C4244: 'initializing': conversion from 'double' to 'float', possible loss of data
D:\RayTracingOptimizations\RayTracerFramework - best efficiency\RayTracerSmall\main.cpp(324,17): warning C4244: 'initializing': conversion from 'double' to 'int', possible loss of data
D:\RayTracingOptimizations\RayTracerFramework - best efficiency\RayTracerSmall\main.cpp(325,15): warning C4244: 'initializing': conversion from 'double' to 'int', possible loss of data
D:\RayTracingOptimizations\RayTracerFramework - best efficiency\RayTracerSmall\main.cpp(333,34): warning C4018: '<': signed/unsigned mismatch
D:\RayTracingOptimizations\RayTracerFramework - best efficiency\RayTracerSmall\main.cpp(372,81): warning C4305: 'argument': truncation from 'double' to 'T'
          with
          [
              T=float
          ]
D:\RayTracingOptimizations\RayTracerFramework - best efficiency\RayTracerSmall\main.cpp(373,72): warning C4305: 'argument': truncation from 'double' to 'T'
          with
          [
              T=float
          ]
D:\RayTracingOptimizations\RayTracerFramework - best efficiency\RayTracerSmall\main.cpp(374,73): warning C4305: 'argument': truncation from 'double' to 'T'
          with
          [
              T=float
          ]
D:\RayTracingOptimizations\RayTracerFramework - best efficiency\RayTracerSmall\main.cpp(375,72): warning C4305: 'argument': truncation from 'double' to 'T'
          with
          [
              T=float
          ]
D:\RayTracingOptimizations\RayTracerFramework - best efficiency\RayTracerSmall\main.cpp(399,83): warning C4305: 'argument': truncation from 'double' to 'T'
          with
          [
              T=float
          ]
D:\RayTracingOptimizations\RayTracerFramework - best efficiency\RayTracerSmall\main.cpp(400,74): warning C4305: 'argument': truncation from 'double' to 'T'
          with
          [
              T=float
          ]
D:\RayTracingOptimizations\RayTracerFramework - best efficiency\RayTracerSmall\main.cpp(401,75): warning C4305: 'argument': truncation from 'double' to 'T'
          with
          [
              T=float
          ]
D:\RayTracingOptimizations\RayTracerFramework - best efficiency\RayTracerSmall\main.cpp(402,74): warning C4305: 'argument': truncation from 'double' to 'T'
          with
          [
              T=float
          ]
D:\RayTracingOptimizations\RayTracerFramework - best efficiency\RayTracerSmall\main.cpp(407,83): warning C4305: 'argument': truncation from 'double' to 'T'
          with
          [
              T=float
          ]
D:\RayTracingOptimizations\RayTracerFramework - best efficiency\RayTracerSmall\main.cpp(408,74): warning C4305: 'argument': truncation from 'double' to 'T'
          with
          [
              T=float
          ]
D:\RayTracingOptimizations\RayTracerFramework - best efficiency\RayTracerSmall\main.cpp(409,75): warning C4305: 'argument': truncation from 'double' to 'T'
          with
          [
              T=float
          ]
D:\RayTracingOptimizations\RayTracerFramework - best efficiency\RayTracerSmall\main.cpp(410,74): warning C4305: 'argument': truncation from 'double' to 'T'
          with
          [
              T=float
          ]
D:\RayTracingOptimizations\RayTracerFramework - best efficiency\RayTracerSmall\main.cpp(414,83): warning C4305: 'argument': truncation from 'double' to 'T'
          with
          [
              T=float
          ]
D:\RayTracingOptimizations\RayTracerFramework - best efficiency\RayTracerSmall\main.cpp(415,74): warning C4305: 'argument': truncation from 'double' to 'T'
          with
          [
              T=float
          ]
D:\RayTracingOptimizations\RayTracerFramework - best efficiency\RayTracerSmall\main.cpp(416,75): warning C4305: 'argument': truncation from 'double' to 'T'
          with
          [
              T=float
          ]
D:\RayTracingOptimizations\RayTracerFramework - best efficiency\RayTracerSmall\main.cpp(417,74): warning C4305: 'argument': truncation from 'double' to 'T'
          with
          [
              T=float
          ]
D:\RayTracingOptimizations\RayTracerFramework - best efficiency\RayTracerSmall\main.cpp(421,83): warning C4305: 'argument': truncation from 'double' to 'T'
          with
          [
              T=float
          ]
D:\RayTracingOptimizations\RayTracerFramework - best efficiency\RayTracerSmall\main.cpp(422,74): warning C4305: 'argument': truncation from 'double' to 'T'
          with
          [
              T=float
          ]
D:\RayTracingOptimizations\RayTracerFramework - best efficiency\RayTracerSmall\main.cpp(423,75): warning C4305: 'argument': truncation from 'double' to 'T'
          with
          [
              T=float
          ]
D:\RayTracingOptimizations\RayTracerFramework - best efficiency\RayTracerSmall\main.cpp(424,74): warning C4305: 'argument': truncation from 'double' to 'T'
          with
          [
              T=float
          ]
D:\RayTracingOptimizations\RayTracerFramework - best efficiency\RayTracerSmall\main.cpp(440,98): warning C4305: 'argument': truncation from 'double' to 'T'
          with
          [
              T=float
          ]
D:\RayTracingOptimizations\RayTracerFramework - best efficiency\RayTracerSmall\main.cpp(441,90): warning C4305: 'argument': truncation from 'double' to 'T'
          with
          [
              T=float
          ]
D:\RayTracingOptimizations\RayTracerFramework - best efficiency\RayTracerSmall\main.cpp(442,89): warning C4305: 'argument': truncation from 'double' to 'T'
          with
          [
              T=float
          ]
D:\RayTracingOptimizations\RayTracerFramework - best efficiency\RayTracerSmall\main.cpp(466,96): warning C4305: 'argument': truncation from 'double' to 'T'
          with
          [
              T=float
          ]
D:\RayTracingOptimizations\RayTracerFramework - best efficiency\RayTracerSmall\main.cpp(483,38): warning C4244: 'argument': conversion from 'float' to 'int', possible loss of data
D:\RayTracingOptimizations\RayTracerFramework - best efficiency\RayTracerSmall\main.cpp(511,81): warning C4305: 'argument': truncation from 'double' to 'T'
          with
          [
              T=float
          ]
D:\RayTracingOptimizations\RayTracerFramework - best efficiency\RayTracerSmall\main.cpp(513,73): warning C4305: 'argument': truncation from 'double' to 'T'
          with
          [
              T=float
          ]
D:\RayTracingOptimizations\RayTracerFramework - best efficiency\RayTracerSmall\main.cpp(514,72): warning C4305: 'argument': truncation from 'double' to 'T'
          with
          [
              T=float
          ]
D:\RayTracingOptimizations\RayTracerFramework - best efficiency\RayTracerSmall\main.cpp(536,79): warning C4305: 'argument': truncation from 'double' to 'T'
          with
          [
              T=float
          ]
D:\RayTracingOptimizations\RayTracerFramework - best efficiency\RayTracerSmall\main.cpp(550,38): warning C4244: 'argument': conversion from 'float' to 'int', possible loss of data
D:\RayTracingOptimizations\RayTracerFramework - best efficiency\RayTracerSmall\main.cpp(570,82): warning C4305: 'argument': truncation from 'double' to 'T'
          with
          [
              T=float
          ]
D:\RayTracingOptimizations\RayTracerFramework - best efficiency\RayTracerSmall\main.cpp(571,79): warning C4305: 'argument': truncation from 'double' to 'T'
          with
          [
              T=float
          ]
D:\RayTracingOptimizations\RayTracerFramework - best efficiency\RayTracerSmall\main.cpp(572,74): warning C4305: 'argument': truncation from 'double' to 'T'
          with
          [
              T=float
          ]
D:\RayTracingOptimizations\RayTracerFramework - best efficiency\RayTracerSmall\main.cpp(573,73): warning C4305: 'argument': truncation from 'double' to 'T'
          with
          [
              T=float
          ]
D:\RayTracingOptimizations\RayTracerFramework - best efficiency\RayTracerSmall\main.cpp(574,19): warning C4244: 'argument': conversion from 'float' to 'int', possible loss of data
D:\RayTracingOptimizations\RayTracerFramework - best efficiency\RayTracerSmall\MemoryPool.h(94,1): warning C4267: 'argument': conversion from 'size_t' to 'int', possible loss of data
D:\RayTracingOptimizations\RayTracerFramework - best efficiency\RayTracerSmall\MemoryPool.h(68): message : while compiling class template member function 'MemoryPool<Sphere>::~MemoryPool(void)'
D:\RayTracingOptimizations\RayTracerFramework - best efficiency\RayTracerSmall\MemoryPool.h(143): message : see reference to function template instantiation 'MemoryPool<Sphere>::~MemoryPool(void)' being compiled
D:\RayTracingOptimizations\RayTracerFramework - best efficiency\RayTracerSmall\main.cpp(436): message : see reference to class template instantiation 'MemoryPool<Sphere>' being compiled
D:\RayTracingOptimizations\RayTracerFramework - best efficiency\RayTracerSmall\MemoryPool.h(48,1): warning C4267: '=': conversion from 'size_t' to 'int', possible loss of data
D:\RayTracingOptimizations\RayTracerFramework - best efficiency\RayTracerSmall\MemoryPool.h(17): message : while compiling class template member function 'MemoryPool<Sphere>::MemoryPool(int)'
D:\RayTracingOptimizations\RayTracerFramework - best efficiency\RayTracerSmall\main.cpp(436): message : see reference to function template instantiation 'MemoryPool<Sphere>::MemoryPool(int)' being compiled
D:\RayTracingOptimizations\RayTracerFramework - best efficiency\RayTracerSmall\MemoryPool.h(64,1): warning C4267: 'argument': conversion from 'size_t' to 'int', possible loss of data
D:\RayTracingOptimizations\RayTracerFramework - best efficiency\RayTracerSmall\MemoryPool.h(214,13): warning C4244: 'initializing': conversion from '__int64' to 'int', possible loss of data
D:\RayTracingOptimizations\RayTracerFramework - best efficiency\RayTracerSmall\main.cpp(440): message : see reference to function template instantiation 'void operator delete<Sphere>(void *,MemoryPool<Sphere> *)' being compiled
  RayTracerSmall.vcxproj -> D:\RayTracingOptimizations\RayTracerFramework - best efficiency\x64\Debug\RayTracerSmall.exe
