  main.cpp
C:\Users\szymo\Programming\algorithmics\RayTracing\RayTracingOptimizations\RayTracerFramework\RayTracerSmall\main.cpp(43,1): warning C4005: 'INFINITY': macro redefinition
C:\Program Files (x86)\Windows Kits\10\Include\10.0.22000.0\ucrt\corecrt_math.h(88,1): message : see previous definition of 'INFINITY'
C:\Users\szymo\Programming\algorithmics\RayTracing\RayTracingOptimizations\RayTracerFramework\RayTracerSmall\main.cpp(168,19): warning C4305: 'initializing': truncation from 'double' to 'float'
C:\Users\szymo\Programming\algorithmics\RayTracing\RayTracingOptimizations\RayTracerFramework\RayTracerSmall\main.cpp(176,60): warning C4305: 'argument': truncation from 'double' to 'const float'
C:\Users\szymo\Programming\algorithmics\RayTracing\RayTracingOptimizations\RayTracerFramework\RayTracerSmall\main.cpp(176,32): warning C4244: 'argument': conversion from 'double' to 'const float', possible loss of data
C:\Users\szymo\Programming\algorithmics\RayTracing\RayTracingOptimizations\RayTracerFramework\RayTracerSmall\main.cpp(196,19): warning C4305: 'initializing': truncation from 'double' to 'float'
C:\Users\szymo\Programming\algorithmics\RayTracing\RayTracingOptimizations\RayTracerFramework\RayTracerSmall\main.cpp(251,14): warning C4244: 'initializing': conversion from 'double' to 'float', possible loss of data
C:\Users\szymo\Programming\algorithmics\RayTracing\RayTracingOptimizations\RayTracerFramework\RayTracerSmall\main.cpp(295,81): warning C4305: 'argument': truncation from 'double' to 'T'
          with
          [
              T=float
          ]
C:\Users\szymo\Programming\algorithmics\RayTracing\RayTracingOptimizations\RayTracerFramework\RayTracerSmall\main.cpp(296,72): warning C4305: 'argument': truncation from 'double' to 'T'
          with
          [
              T=float
          ]
C:\Users\szymo\Programming\algorithmics\RayTracing\RayTracingOptimizations\RayTracerFramework\RayTracerSmall\main.cpp(297,73): warning C4305: 'argument': truncation from 'double' to 'T'
          with
          [
              T=float
          ]
C:\Users\szymo\Programming\algorithmics\RayTracing\RayTracingOptimizations\RayTracerFramework\RayTracerSmall\main.cpp(298,72): warning C4305: 'argument': truncation from 'double' to 'T'
          with
          [
              T=float
          ]
C:\Users\szymo\Programming\algorithmics\RayTracing\RayTracingOptimizations\RayTracerFramework\RayTracerSmall\main.cpp(322,83): warning C4305: 'argument': truncation from 'double' to 'T'
          with
          [
              T=float
          ]
C:\Users\szymo\Programming\algorithmics\RayTracing\RayTracingOptimizations\RayTracerFramework\RayTracerSmall\main.cpp(323,74): warning C4305: 'argument': truncation from 'double' to 'T'
          with
          [
              T=float
          ]
C:\Users\szymo\Programming\algorithmics\RayTracing\RayTracingOptimizations\RayTracerFramework\RayTracerSmall\main.cpp(324,75): warning C4305: 'argument': truncation from 'double' to 'T'
          with
          [
              T=float
          ]
C:\Users\szymo\Programming\algorithmics\RayTracing\RayTracingOptimizations\RayTracerFramework\RayTracerSmall\main.cpp(325,74): warning C4305: 'argument': truncation from 'double' to 'T'
          with
          [
              T=float
          ]
C:\Users\szymo\Programming\algorithmics\RayTracing\RayTracingOptimizations\RayTracerFramework\RayTracerSmall\main.cpp(330,83): warning C4305: 'argument': truncation from 'double' to 'T'
          with
          [
              T=float
          ]
C:\Users\szymo\Programming\algorithmics\RayTracing\RayTracingOptimizations\RayTracerFramework\RayTracerSmall\main.cpp(331,74): warning C4305: 'argument': truncation from 'double' to 'T'
          with
          [
              T=float
          ]
C:\Users\szymo\Programming\algorithmics\RayTracing\RayTracingOptimizations\RayTracerFramework\RayTracerSmall\main.cpp(332,75): warning C4305: 'argument': truncation from 'double' to 'T'
          with
          [
              T=float
          ]
C:\Users\szymo\Programming\algorithmics\RayTracing\RayTracingOptimizations\RayTracerFramework\RayTracerSmall\main.cpp(333,74): warning C4305: 'argument': truncation from 'double' to 'T'
          with
          [
              T=float
          ]
C:\Users\szymo\Programming\algorithmics\RayTracing\RayTracingOptimizations\RayTracerFramework\RayTracerSmall\main.cpp(337,83): warning C4305: 'argument': truncation from 'double' to 'T'
          with
          [
              T=float
          ]
C:\Users\szymo\Programming\algorithmics\RayTracing\RayTracingOptimizations\RayTracerFramework\RayTracerSmall\main.cpp(338,74): warning C4305: 'argument': truncation from 'double' to 'T'
          with
          [
              T=float
          ]
C:\Users\szymo\Programming\algorithmics\RayTracing\RayTracingOptimizations\RayTracerFramework\RayTracerSmall\main.cpp(339,75): warning C4305: 'argument': truncation from 'double' to 'T'
          with
          [
              T=float
          ]
C:\Users\szymo\Programming\algorithmics\RayTracing\RayTracingOptimizations\RayTracerFramework\RayTracerSmall\main.cpp(340,74): warning C4305: 'argument': truncation from 'double' to 'T'
          with
          [
              T=float
          ]
C:\Users\szymo\Programming\algorithmics\RayTracing\RayTracingOptimizations\RayTracerFramework\RayTracerSmall\main.cpp(344,83): warning C4305: 'argument': truncation from 'double' to 'T'
          with
          [
              T=float
          ]
C:\Users\szymo\Programming\algorithmics\RayTracing\RayTracingOptimizations\RayTracerFramework\RayTracerSmall\main.cpp(345,74): warning C4305: 'argument': truncation from 'double' to 'T'
          with
          [
              T=float
          ]
C:\Users\szymo\Programming\algorithmics\RayTracing\RayTracingOptimizations\RayTracerFramework\RayTracerSmall\main.cpp(346,75): warning C4305: 'argument': truncation from 'double' to 'T'
          with
          [
              T=float
          ]
C:\Users\szymo\Programming\algorithmics\RayTracing\RayTracingOptimizations\RayTracerFramework\RayTracerSmall\main.cpp(347,74): warning C4305: 'argument': truncation from 'double' to 'T'
          with
          [
              T=float
          ]
C:\Users\szymo\Programming\algorithmics\RayTracing\RayTracingOptimizations\RayTracerFramework\RayTracerSmall\main.cpp(364,82): warning C4305: 'argument': truncation from 'double' to 'T'
          with
          [
              T=float
          ]
C:\Users\szymo\Programming\algorithmics\RayTracing\RayTracingOptimizations\RayTracerFramework\RayTracerSmall\main.cpp(365,79): warning C4305: 'argument': truncation from 'double' to 'T'
          with
          [
              T=float
          ]
C:\Users\szymo\Programming\algorithmics\RayTracing\RayTracingOptimizations\RayTracerFramework\RayTracerSmall\main.cpp(366,74): warning C4305: 'argument': truncation from 'double' to 'T'
          with
          [
              T=float
          ]
C:\Users\szymo\Programming\algorithmics\RayTracing\RayTracingOptimizations\RayTracerFramework\RayTracerSmall\main.cpp(367,73): warning C4305: 'argument': truncation from 'double' to 'T'
          with
          [
              T=float
          ]
C:\Users\szymo\Programming\algorithmics\RayTracing\RayTracingOptimizations\RayTracerFramework\RayTracerSmall\main.cpp(368,19): warning C4244: 'argument': conversion from 'float' to 'int', possible loss of data
  MemoryDebugger.cpp
C:\Users\szymo\Programming\algorithmics\RayTracing\RayTracingOptimizations\RayTracerFramework\RayTracerSmall\MemoryDebugger.cpp(107,31): warning C4267: '=': conversion from 'size_t' to 'int', possible loss of data
C:\Users\szymo\Programming\algorithmics\RayTracing\RayTracingOptimizations\RayTracerFramework\RayTracerSmall\MemoryDebugger.cpp(108,47): warning C4267: '=': conversion from 'size_t' to 'int', possible loss of data
C:\Users\szymo\Programming\algorithmics\RayTracing\RayTracingOptimizations\RayTracerFramework\RayTracerSmall\MemoryDebugger.cpp(121,35): warning C4267: 'argument': conversion from 'size_t' to 'int', possible loss of data
C:\Users\szymo\Programming\algorithmics\RayTracing\RayTracingOptimizations\RayTracerFramework\RayTracerSmall\MemoryDebugger.cpp(172,35): warning C4267: '=': conversion from 'size_t' to 'int', possible loss of data
C:\Users\szymo\Programming\algorithmics\RayTracing\RayTracingOptimizations\RayTracerFramework\RayTracerSmall\MemoryDebugger.cpp(173,51): warning C4267: '=': conversion from 'size_t' to 'int', possible loss of data
C:\Users\szymo\Programming\algorithmics\RayTracing\RayTracingOptimizations\RayTracerFramework\RayTracerSmall\MemoryDebugger.cpp(185,39): warning C4267: 'argument': conversion from 'size_t' to 'int', possible loss of data
C:\Users\szymo\Programming\algorithmics\RayTracing\RayTracingOptimizations\RayTracerFramework\RayTracerSmall\MemoryDebugger.cpp(209,35): warning C4267: '=': conversion from 'size_t' to 'int', possible loss of data
C:\Users\szymo\Programming\algorithmics\RayTracing\RayTracingOptimizations\RayTracerFramework\RayTracerSmall\MemoryDebugger.cpp(210,51): warning C4267: '=': conversion from 'size_t' to 'int', possible loss of data
  Generating Code...
  RayTracerSmall.vcxproj -> C:\Users\szymo\Programming\algorithmics\RayTracing\RayTracingOptimizations\RayTracerFramework\x64\Debug\RayTracerSmall.exe
