  main.cpp
  In file included from D:\RayTracingOptimizations\PlayStationRayTracer\PlayStationRayTracer\main.cpp:34:
D:\RayTracingOptimizations\PlayStationRayTracer\PlayStationRayTracer/MemoryPool.h(157,3): warning : 'operator new' should not return a null pointer unless it is declared 'throw()' or 'noexcept' [-Wnew-returns-null]
                  return nullptr;
                  ^
D:\RayTracingOptimizations\PlayStationRayTracer\PlayStationRayTracer/MemoryPool.h(161,3): warning : 'operator new' should not return a null pointer unless it is declared 'throw()' or 'noexcept' [-Wnew-returns-null]
                  return nullptr;
                  ^
D:\RayTracingOptimizations\PlayStationRayTracer\PlayStationRayTracer/MemoryPool.h(187,3): warning : 'operator new' should not return a null pointer unless it is declared 'throw()' or 'noexcept' [-Wnew-returns-null]
                  return nullptr;
                  ^
D:\RayTracingOptimizations\PlayStationRayTracer\PlayStationRayTracer/MemoryPool.h(191,3): warning : 'operator new' should not return a null pointer unless it is declared 'throw()' or 'noexcept' [-Wnew-returns-null]
                  return nullptr;
                  ^
D:\RayTracingOptimizations\PlayStationRayTracer\PlayStationRayTracer\main.cpp(315,6): warning : variable 'ret' set but not used [-Wunused-but-set-variable]
          int ret = onionAllocator.initialize(
              ^
D:\RayTracingOptimizations\PlayStationRayTracer\PlayStationRayTracer\main.cpp(392,12): warning : unused variable 'sphere4' [-Wunused-variable]
                          Sphere* sphere4 = new (spherePool) Sphere(Vec3f(i, 0, -20), 1, Vec3f(1.00, 0.32, 0.36), 1, 0.5);
                                  ^
D:\RayTracingOptimizations\PlayStationRayTracer\PlayStationRayTracer\main.cpp(378,11): warning : unused variable 'sphere1' [-Wunused-variable]
                  Sphere* sphere1 = new (spherePool) Sphere(Vec3f(0.0, -10004, -20), 10000, Vec3f(0.20, 0.20, 0.20), 0, 0.0);
                          ^
D:\RayTracingOptimizations\PlayStationRayTracer\PlayStationRayTracer\main.cpp(379,11): warning : unused variable 'sphere2' [-Wunused-variable]
                  Sphere* sphere2 = new (spherePool) Sphere(Vec3f(5.0, -1, -15), 2, Vec3f(0.90, 0.76, 0.46), 1, 0.0);
                          ^
D:\RayTracingOptimizations\PlayStationRayTracer\PlayStationRayTracer\main.cpp(380,11): warning : unused variable 'sphere3' [-Wunused-variable]
                  Sphere* sphere3 = new (spherePool) Sphere(Vec3f(5.0, 0, -25), 3, Vec3f(0.65, 0.77, 0.97), 1, 0.0);
                          ^
D:\RayTracingOptimizations\PlayStationRayTracer\PlayStationRayTracer\main.cpp(388,12): warning : unused variable 'ret' [-Wunused-variable]
                  uint64_t ret = sceUltUlthreadRuntimeCreate(&runtime, "renderRuntime", concurrency, NUM_THREADS, runtimeBuffer, NULL);
                           ^
  In file included from D:\RayTracingOptimizations\PlayStationRayTracer\PlayStationRayTracer\main.cpp:34:
D:\RayTracingOptimizations\PlayStationRayTracer\PlayStationRayTracer/MemoryPool.h(157,3): warning : 'operator new<Sphere>' should not return a null pointer unless it is declared 'throw()' or 'noexcept' [-Wnew-returns-null]
                  return nullptr;
                  ^
  D:\RayTracingOptimizations\PlayStationRayTracer\PlayStationRayTracer\main.cpp(378,21): note: in instantiation of function template specialization 'operator new<Sphere>' requested here
                  Sphere* sphere1 = new (spherePool) Sphere(Vec3f(0.0, -10004, -20), 10000, Vec3f(0.20, 0.20, 0.20), 0, 0.0);
                                    ^
  In file included from D:\RayTracingOptimizations\PlayStationRayTracer\PlayStationRayTracer\main.cpp:34:
D:\RayTracingOptimizations\PlayStationRayTracer\PlayStationRayTracer/MemoryPool.h(161,3): warning : 'operator new<Sphere>' should not return a null pointer unless it is declared 'throw()' or 'noexcept' [-Wnew-returns-null]
                  return nullptr;
                  ^
  12 warnings generated.
  PlayStationRayTracer.vcxproj -> D:\RayTracingOptimizations\PlayStationRayTracer\ORBIS_Release\PlayStationRayTracer.elf
